
> vibe-generated-app@1.0.0 dev
> vite


  VITE v5.4.20  ready in 202 ms

  ➜  Local:   http://localhost:3000/
  ➜  Network: http://172.20.16.6:3000/
[vite:css] @import must precede all other statements (besides @charset or empty @layer)
24 |  
25 |  /* Import Font Awesome via public stylesheet */
26 |  @import url('/icons.css');
   |  ^^^^^^^^^^^^^^^^^^^^^^^^^^
27 |  
9:06:03 AM [vite] ✨ new dependencies optimized: framer-motion, @splinetool/react-spline
9:06:03 AM [vite] ✨ optimized dependencies changed. reloading
The file does not exist at "/home/workspace/node_modules/.vite/deps/chunk-XPR23Y44.js?v=35394813" which is in the optimize deps directory. The dependency might be incompatible with the dep optimizer. Try adding it to `optimizeDeps.exclude`.
The file does not exist at "/home/workspace/node_modules/.vite/deps/chunk-I4MZPW7S.js?v=35394813" which is in the optimize deps directory. The dependency might be incompatible with the dep optimizer. Try adding it to `optimizeDeps.exclude`.
[vite:css] @import must precede all other statements (besides @charset or empty @layer)
24 |  
25 |  /* Import Font Awesome via public stylesheet */
26 |  @import url('/icons.css');
   |  ^^^^^^^^^^^^^^^^^^^^^^^^^^
27 |  
